19:45:45.759 INFO    : nu = 0.00234936
19:45:45.759 INFO    : Re = 425.648
19:45:45.759 INFO    : vx = 0.1
19:45:45.759 INFO    : dx = 0.001
19:45:45.759 INFO    : Preprocess - start
[2023-11-23 19:45:45.887] [[32minfo[m] WriteBlocksSimulationObserver step: 0
	***Cannot bisect a graph with 0 vertices!
	***You are trying to partition a graph into too many parts!
	***Cannot bisect a graph with 0 vertices!
	***You are trying to partition a graph into too many parts!
	***Cannot bisect a graph with 0 vertices!
	***You are trying to partition a graph into too many parts!
	***Cannot bisect a graph with 0 vertices!
	***You are trying to partition a graph into too many parts!
	***Cannot bisect a graph with 0 vertices!
	***You are trying to partition a graph into too many parts!
	***Cannot bisect a graph with 0 vertices!
	***You are trying to partition a graph into too many parts!
	***Cannot bisect a graph with 0 vertices!
	***You are trying to partition a graph into too many parts!
	***Cannot bisect a graph with 0 vertices!
	***You are trying to partition a graph into too many parts!
	***Cannot bisect a graph with 0 vertices!
	***You are trying to partition a graph into too many parts!
	***Cannot bisect a graph with 0 vertices!
	***You are trying to partition a graph into too many parts!
	***Cannot bisect a graph with 0 vertices!
	***You are trying to partition a graph into too many parts!
	***Cannot bisect a graph with 0 vertices!
	***You are trying to partition a graph into too many parts!
	***Cannot bisect a graph with 0 vertices!
	***You are trying to partition a graph into too many parts!
	***Cannot bisect a graph with 0 vertices!
	***You are trying to partition a graph into too many parts!
	***Cannot bisect a graph with 0 vertices!
	***You are trying to partition a graph into too many parts!
	***Cannot bisect a graph with 0 vertices!
	***You are trying to partition a graph into too many parts!
	***Cannot bisect a graph with 0 vertices!
	***You are trying to partition a graph into too many parts!
	***Cannot bisect a graph with 0 vertices!
	***You are trying to partition a graph into too many parts!
	***Cannot bisect a graph with 0 vertices!
	***You are trying to partition a graph into too many parts!
	***Cannot bisect a graph with 0 vertices!
	***You are trying to partition a graph into too many parts!
	***Cannot bisect a graph with 0 vertices!
	***You are trying to partition a graph into too many parts!
	***Cannot bisect a graph with 0 vertices!
	***You are trying to partition a graph into too many parts!
	***Cannot bisect a graph with 0 vertices!
	***You are trying to partition a graph into too many parts!
	***Cannot bisect a graph with 0 vertices!
	***You are trying to partition a graph into too many parts!
	***Cannot bisect a graph with 0 vertices!
	***You are trying to partition a graph into too many parts!
	***Cannot bisect a graph with 0 vertices!
	***You are trying to partition a graph into too many parts!
	***Cannot bisect a graph with 0 vertices!
	***You are trying to partition a graph into too many parts!
	***Cannot bisect a graph with 0 vertices!
	***You are trying to partition a graph into too many parts!
	***Cannot bisect a graph with 0 vertices!
	***You are trying to partition a graph into too many parts!
	***Cannot bisect a graph with 0 vertices!
	***You are trying to partition a graph into too many parts!
	***Cannot bisect a graph with 0 vertices!
	***You are trying to partition a graph into too many parts!
	***Cannot bisect a graph with 0 vertices!
	***You are trying to partition a graph into too many parts!
[2023-11-23 19:45:46.150] [[32minfo[m] WriteBlocksSimulationObserver step: 0
19:45:46.150 INFO    : Number of blocks = 3
19:45:46.150 INFO    : Number of nodes  = 116250
19:45:46.150 INFO    : Number of blocks for level 0 = 3
19:45:46.150 INFO    : Number of nodes for level 0 = 116250
19:45:46.150 INFO    : Necessary memory  = 3.60797e+07 bytes
19:45:46.150 INFO    : Necessary memory per process = 180398 bytes
19:45:46.150 INFO    : Available memory per process = 1.5e+11 bytes
19:45:48.087 ERROR   : caller[0]
  - file:     /home/husalihu/projects/VirtualFluids_dev/VirtualFluids_dev/src/cpu/core/BoundaryConditions/OutflowNonReflectingWithPressure.cpp
  - line:     93
  - function: virtual void OutflowNonReflectingWithPressure::applyBC()
  - what:     Danger...no orthogonal BC-Flag on density boundary...

19:45:48.086 ERROR   : caller[0]
  - file:     /home/husalihu/projects/VirtualFluids_dev/VirtualFluids_dev/src/cpu/core/BoundaryConditions/VelocityNonReflecting.cpp
  - line:     104
  - function: virtual void VelocityNonReflecting::applyBC()
  - what:     Danger...no orthogonal BC-Flag on density boundary...

--------------------------------------------------------------------------
Primary job  terminated normally, but 1 process returned
a non-zero exit code. Per user-direction, the job has been aborted.
--------------------------------------------------------------------------
--------------------------------------------------------------------------
An MPI communication peer process has unexpectedly disconnected.  This
usually indicates a failure in the peer process (e.g., a crash or
otherwise exiting without calling MPI_FINALIZE first).

Although this local MPI process will likely now behave unpredictably
(it may even hang or crash), the root cause of this problem is the
failure of the peer -- that is what you need to investigate.  For
example, there may be a core file that you can examine.  More
generally: such peer hangups are frequently caused by application bugs
or other external events.

  Local host: node131
  Local PID:  111575
  Peer host:  node035
--------------------------------------------------------------------------
--------------------------------------------------------------------------
WARNING: Open MPI failed to TCP connect to a peer MPI process.  This
should not happen.

Your Open MPI job may now hang or fail.

  Local host: node119
  PID:        24506
  Message:    connect() to 10.10.1.131:1042 failed
  Error:      Operation now in progress (115)
--------------------------------------------------------------------------
[2023-11-23 19:45:48.121] [[32minfo[m] WriteBoundaryConditionsSimulationObserver step: 0
19:45:48.121 INFO    : Preprocess - end
19:45:48.121 INFO    : Simulation-start
19:45:48.122 INFO    : Calculation step = 100
19:45:48.122 INFO    : Total performance = 4.98927e+10 NUPS
19:45:48.122 INFO    : Performance per update = 2.49464e+08 NUPS
19:45:48.122 INFO    : Performance per thread = 2.49464e+08 NUPS
19:45:48.122 INFO    : Time for 100 steps = 0.000233 s
19:45:48.122 INFO    : Calculation step = 200
19:45:48.122 INFO    : Total performance = 6.11842e+10 NUPS
19:45:48.122 INFO    : Performance per update = 3.05921e+08 NUPS
19:45:48.122 INFO    : Performance per thread = 3.05921e+08 NUPS
19:45:48.122 INFO    : Time for 100 steps = 0.00019 s
19:45:48.122 INFO    : Calculation step = 300
19:45:48.122 INFO    : Total performance = 6.11842e+10 NUPS
19:45:48.122 INFO    : Performance per update = 3.05921e+08 NUPS
19:45:48.122 INFO    : Performance per thread = 3.05921e+08 NUPS
19:45:48.122 INFO    : Time for 100 steps = 0.00019 s
19:45:48.122 INFO    : Calculation step = 400
19:45:48.122 INFO    : Total performance = 5.87121e+10 NUPS
19:45:48.122 INFO    : Performance per update = 2.93561e+08 NUPS
19:45:48.122 INFO    : Performance per thread = 2.93561e+08 NUPS
19:45:48.122 INFO    : Time for 100 steps = 0.000198 s
19:45:48.122 INFO    : Calculation step = 500
19:45:48.122 INFO    : Total performance = 6.11842e+10 NUPS
19:45:48.122 INFO    : Performance per update = 3.05921e+08 NUPS
19:45:48.122 INFO    : Performance per thread = 3.05921e+08 NUPS
19:45:48.122 INFO    : Time for 100 steps = 0.00019 s
19:45:48.123 INFO    : Calculation step = 600
19:45:48.123 INFO    : Total performance = 6.11842e+10 NUPS
19:45:48.123 INFO    : Performance per update = 3.05921e+08 NUPS
19:45:48.123 INFO    : Performance per thread = 3.05921e+08 NUPS
19:45:48.123 INFO    : Time for 100 steps = 0.00019 s
19:45:48.123 INFO    : Calculation step = 700
19:45:48.123 INFO    : Total performance = 6.11842e+10 NUPS
19:45:48.123 INFO    : Performance per update = 3.05921e+08 NUPS
19:45:48.123 INFO    : Performance per thread = 3.05921e+08 NUPS
19:45:48.123 INFO    : Time for 100 steps = 0.00019 s
19:45:48.123 INFO    : Calculation step = 800
19:45:48.123 INFO    : Total performance = 6.11842e+10 NUPS
19:45:48.123 INFO    : Performance per update = 3.05921e+08 NUPS
19:45:48.123 INFO    : Performance per thread = 3.05921e+08 NUPS
19:45:48.123 INFO    : Time for 100 steps = 0.00019 s
19:45:48.123 INFO    : Calculation step = 900
19:45:48.123 INFO    : Total performance = 5.87121e+10 NUPS
19:45:48.123 INFO    : Performance per update = 2.93561e+08 NUPS
19:45:48.123 INFO    : Performance per thread = 2.93561e+08 NUPS
19:45:48.123 INFO    : Time for 100 steps = 0.000198 s
19:45:48.123 INFO    : Calculation step = 1000
19:45:48.123 INFO    : Total performance = 6.11842e+10 NUPS
19:45:48.123 INFO    : Performance per update = 3.05921e+08 NUPS
19:45:48.123 INFO    : Performance per thread = 3.05921e+08 NUPS
19:45:48.123 INFO    : Time for 100 steps = 0.00019 s
19:45:48.124 INFO    : Calculation step = 1100
19:45:48.124 INFO    : Total performance = 6.11842e+10 NUPS
19:45:48.124 INFO    : Performance per update = 3.05921e+08 NUPS
19:45:48.124 INFO    : Performance per thread = 3.05921e+08 NUPS
19:45:48.124 INFO    : Time for 100 steps = 0.00019 s
19:45:48.124 INFO    : Calculation step = 1200
19:45:48.124 INFO    : Total performance = 6.11842e+10 NUPS
19:45:48.124 INFO    : Performance per update = 3.05921e+08 NUPS
19:45:48.124 INFO    : Performance per thread = 3.05921e+08 NUPS
19:45:48.124 INFO    : Time for 100 steps = 0.00019 s
19:45:48.124 INFO    : Calculation step = 1300
19:45:48.124 INFO    : Total performance = 5.8125e+10 NUPS
19:45:48.124 INFO    : Performance per update = 2.90625e+08 NUPS
19:45:48.124 INFO    : Performance per thread = 2.90625e+08 NUPS
19:45:48.124 INFO    : Time for 100 steps = 0.0002 s
19:45:48.124 INFO    : Calculation step = 1400
19:45:48.124 INFO    : Total performance = 6.11842e+10 NUPS
19:45:48.124 INFO    : Performance per update = 3.05921e+08 NUPS
19:45:48.124 INFO    : Performance per thread = 3.05921e+08 NUPS
19:45:48.124 INFO    : Time for 100 steps = 0.00019 s
19:45:48.124 INFO    : Calculation step = 1500
19:45:48.124 INFO    : Total performance = 6.11842e+10 NUPS
19:45:48.124 INFO    : Performance per update = 3.05921e+08 NUPS
19:45:48.124 INFO    : Performance per thread = 3.05921e+08 NUPS
19:45:48.124 INFO    : Time for 100 steps = 0.00019 s
19:45:48.125 INFO    : Calculation step = 1600
19:45:48.125 INFO    : Total performance = 6.11842e+10 NUPS
19:45:48.125 INFO    : Performance per update = 3.05921e+08 NUPS
19:45:48.125 INFO    : Performance per thread = 3.05921e+08 NUPS
19:45:48.125 INFO    : Time for 100 steps = 0.00019 s
19:45:48.125 INFO    : Calculation step = 1700
19:45:48.125 INFO    : Total performance = 6.11842e+10 NUPS
19:45:48.125 INFO    : Performance per update = 3.05921e+08 NUPS
19:45:48.125 INFO    : Performance per thread = 3.05921e+08 NUPS
19:45:48.125 INFO    : Time for 100 steps = 0.00019 s
19:45:48.125 INFO    : Calculation step = 1800
19:45:48.125 INFO    : Total performance = 5.78358e+10 NUPS
19:45:48.125 INFO    : Performance per update = 2.89179e+08 NUPS
19:45:48.125 INFO    : Performance per thread = 2.89179e+08 NUPS
19:45:48.125 INFO    : Time for 100 steps = 0.000201 s
19:45:48.125 INFO    : Calculation step = 1900
19:45:48.125 INFO    : Total performance = 6.11842e+10 NUPS
19:45:48.125 INFO    : Performance per update = 3.05921e+08 NUPS
19:45:48.125 INFO    : Performance per thread = 3.05921e+08 NUPS
19:45:48.125 INFO    : Time for 100 steps = 0.00019 s
19:45:48.125 INFO    : Calculation step = 2000
19:45:48.125 INFO    : Total performance = 6.11842e+10 NUPS
19:45:48.125 INFO    : Performance per update = 3.05921e+08 NUPS
19:45:48.125 INFO    : Performance per thread = 3.05921e+08 NUPS
19:45:48.125 INFO    : Time for 100 steps = 0.00019 s
19:45:48.126 INFO    : Calculation step = 2100
19:45:48.126 INFO    : Total performance = 6.11842e+10 NUPS
19:45:48.126 INFO    : Performance per update = 3.05921e+08 NUPS
19:45:48.126 INFO    : Performance per thread = 3.05921e+08 NUPS
19:45:48.126 INFO    : Time for 100 steps = 0.00019 s
19:45:48.126 INFO    : Calculation step = 2200
19:45:48.126 INFO    : Total performance = 6.11842e+10 NUPS
19:45:48.126 INFO    : Performance per update = 3.05921e+08 NUPS
19:45:48.126 INFO    : Performance per thread = 3.05921e+08 NUPS
19:45:48.126 INFO    : Time for 100 steps = 0.00019 s
19:45:48.126 INFO    : Calculation step = 2300
19:45:48.126 INFO    : Total performance = 5.84171e+10 NUPS
19:45:48.126 INFO    : Performance per update = 2.92085e+08 NUPS
19:45:48.126 INFO    : Performance per thread = 2.92085e+08 NUPS
19:45:48.126 INFO    : Time for 100 steps = 0.000199 s
19:45:48.126 INFO    : Calculation step = 2400
19:45:48.126 INFO    : Total performance = 6.11842e+10 NUPS
19:45:48.126 INFO    : Performance per update = 3.05921e+08 NUPS
19:45:48.126 INFO    : Performance per thread = 3.05921e+08 NUPS
19:45:48.126 INFO    : Time for 100 steps = 0.00019 s
19:45:48.127 INFO    : Calculation step = 2500
19:45:48.127 INFO    : Total performance = 6.11842e+10 NUPS
19:45:48.127 INFO    : Performance per update = 3.05921e+08 NUPS
19:45:48.127 INFO    : Performance per thread = 3.05921e+08 NUPS
19:45:48.127 INFO    : Time for 100 steps = 0.00019 s
19:45:48.127 INFO    : Calculation step = 2600
19:45:48.127 INFO    : Total performance = 6.11842e+10 NUPS
19:45:48.127 INFO    : Performance per update = 3.05921e+08 NUPS
19:45:48.127 INFO    : Performance per thread = 3.05921e+08 NUPS
19:45:48.127 INFO    : Time for 100 steps = 0.00019 s
19:45:48.127 INFO    : Calculation step = 2700
19:45:48.127 INFO    : Total performance = 6.11842e+10 NUPS
19:45:48.127 INFO    : Performance per update = 3.05921e+08 NUPS
19:45:48.127 INFO    : Performance per thread = 3.05921e+08 NUPS
19:45:48.127 INFO    : Time for 100 steps = 0.00019 s
19:45:48.127 INFO    : Calculation step = 2800
19:45:48.127 INFO    : Total performance = 5.87121e+10 NUPS
19:45:48.127 INFO    : Performance per update = 2.93561e+08 NUPS
19:45:48.127 INFO    : Performance per thread = 2.93561e+08 NUPS
19:45:48.127 INFO    : Time for 100 steps = 0.000198 s
19:45:48.127 INFO    : Calculation step = 2900
19:45:48.127 INFO    : Total performance = 6.11842e+10 NUPS
19:45:48.127 INFO    : Performance per update = 3.05921e+08 NUPS
19:45:48.127 INFO    : Performance per thread = 3.05921e+08 NUPS
19:45:48.127 INFO    : Time for 100 steps = 0.00019 s
19:45:48.128 INFO    : Calculation step = 3000
19:45:48.128 INFO    : Total performance = 6.11842e+10 NUPS
19:45:48.128 INFO    : Performance per update = 3.05921e+08 NUPS
19:45:48.128 INFO    : Performance per thread = 3.05921e+08 NUPS
19:45:48.128 INFO    : Time for 100 steps = 0.00019 s
19:45:48.128 INFO    : Calculation step = 3100
19:45:48.128 INFO    : Total performance = 6.11842e+10 NUPS
19:45:48.128 INFO    : Performance per update = 3.05921e+08 NUPS
19:45:48.128 INFO    : Performance per thread = 3.05921e+08 NUPS
19:45:48.128 INFO    : Time for 100 steps = 0.00019 s
19:45:48.128 INFO    : Calculation step = 3200
19:45:48.128 INFO    : Total performance = 6.11842e+10 NUPS
19:45:48.128 INFO    : Performance per update = 3.05921e+08 NUPS
19:45:48.128 INFO    : Performance per thread = 3.05921e+08 NUPS
19:45:48.128 INFO    : Time for 100 steps = 0.00019 s
19:45:48.128 INFO    : Calculation step = 3300
19:45:48.128 INFO    : Total performance = 5.93112e+10 NUPS
19:45:48.128 INFO    : Performance per update = 2.96556e+08 NUPS
19:45:48.128 INFO    : Performance per thread = 2.96556e+08 NUPS
19:45:48.128 INFO    : Time for 100 steps = 0.000196 s
19:45:48.128 INFO    : Calculation step = 3400
19:45:48.128 INFO    : Total performance = 6.11842e+10 NUPS
19:45:48.128 INFO    : Performance per update = 3.05921e+08 NUPS
19:45:48.128 INFO    : Performance per thread = 3.05921e+08 NUPS
19:45:48.128 INFO    : Time for 100 steps = 0.00019 s
19:45:48.129 INFO    : Calculation step = 3500
19:45:48.129 INFO    : Total performance = 6.11842e+10 NUPS
19:45:48.129 INFO    : Performance per update = 3.05921e+08 NUPS
19:45:48.129 INFO    : Performance per thread = 3.05921e+08 NUPS
19:45:48.129 INFO    : Time for 100 steps = 0.00019 s
19:45:48.129 INFO    : Calculation step = 3600
19:45:48.129 INFO    : Total performance = 6.11842e+10 NUPS
19:45:48.129 INFO    : Performance per update = 3.05921e+08 NUPS
19:45:48.129 INFO    : Performance per thread = 3.05921e+08 NUPS
19:45:48.129 INFO    : Time for 100 steps = 0.00019 s
19:45:48.129 INFO    : Calculation step = 3700
19:45:48.129 INFO    : Total performance = 6.11842e+10 NUPS
19:45:48.129 INFO    : Performance per update = 3.05921e+08 NUPS
19:45:48.129 INFO    : Performance per thread = 3.05921e+08 NUPS
19:45:48.129 INFO    : Time for 100 steps = 0.00019 s
19:45:48.129 INFO    : Calculation step = 3800
19:45:48.129 INFO    : Total performance = 5.90102e+10 NUPS
19:45:48.129 INFO    : Performance per update = 2.95051e+08 NUPS
19:45:48.129 INFO    : Performance per thread = 2.95051e+08 NUPS
19:45:48.129 INFO    : Time for 100 steps = 0.000197 s
19:45:48.129 INFO    : Calculation step = 3900
19:45:48.129 INFO    : Total performance = 6.11842e+10 NUPS
19:45:48.129 INFO    : Performance per update = 3.05921e+08 NUPS
19:45:48.129 INFO    : Performance per thread = 3.05921e+08 NUPS
19:45:48.129 INFO    : Time for 100 steps = 0.00019 s
19:45:48.130 INFO    : Calculation step = 4000
19:45:48.130 INFO    : Total performance = 6.11842e+10 NUPS
19:45:48.130 INFO    : Performance per update = 3.05921e+08 NUPS
19:45:48.130 INFO    : Performance per thread = 3.05921e+08 NUPS
19:45:48.130 INFO    : Time for 100 steps = 0.00019 s
19:45:48.130 INFO    : Calculation step = 4100
19:45:48.130 INFO    : Total performance = 6.11842e+10 NUPS
19:45:48.130 INFO    : Performance per update = 3.05921e+08 NUPS
19:45:48.130 INFO    : Performance per thread = 3.05921e+08 NUPS
19:45:48.130 INFO    : Time for 100 steps = 0.00019 s
19:45:48.130 INFO    : Calculation step = 4200
19:45:48.130 INFO    : Total performance = 6.11842e+10 NUPS
19:45:48.130 INFO    : Performance per update = 3.05921e+08 NUPS
19:45:48.130 INFO    : Performance per thread = 3.05921e+08 NUPS
19:45:48.130 INFO    : Time for 100 steps = 0.00019 s
19:45:48.130 INFO    : Calculation step = 4300
19:45:48.130 INFO    : Total performance = 6.15079e+10 NUPS
19:45:48.130 INFO    : Performance per update = 3.0754e+08 NUPS
19:45:48.130 INFO    : Performance per thread = 3.0754e+08 NUPS
19:45:48.130 INFO    : Time for 100 steps = 0.000189 s
19:45:48.130 INFO    : Calculation step = 4400
19:45:48.130 INFO    : Total performance = 6.15079e+10 NUPS
19:45:48.130 INFO    : Performance per update = 3.0754e+08 NUPS
19:45:48.130 INFO    : Performance per thread = 3.0754e+08 NUPS
19:45:48.130 INFO    : Time for 100 steps = 0.000189 s
19:45:48.131 INFO    : Calculation step = 4500
19:45:48.131 INFO    : Total performance = 6.15079e+10 NUPS
19:45:48.131 INFO    : Performance per update = 3.0754e+08 NUPS
19:45:48.131 INFO    : Performance per thread = 3.0754e+08 NUPS
19:45:48.131 INFO    : Time for 100 steps = 0.000189 s
19:45:48.131 INFO    : Calculation step = 4600
19:45:48.131 INFO    : Total performance = 6.15079e+10 NUPS
19:45:48.131 INFO    : Performance per update = 3.0754e+08 NUPS
19:45:48.131 INFO    : Performance per thread = 3.0754e+08 NUPS
19:45:48.131 INFO    : Time for 100 steps = 0.000189 s
19:45:48.131 INFO    : Calculation step = 4700
19:45:48.131 INFO    : Total performance = 5.84171e+10 NUPS
19:45:48.131 INFO    : Performance per update = 2.92085e+08 NUPS
19:45:48.131 INFO    : Performance per thread = 2.92085e+08 NUPS
19:45:48.131 INFO    : Time for 100 steps = 0.000199 s
19:45:48.131 INFO    : Calculation step = 4800
19:45:48.131 INFO    : Total performance = 6.15079e+10 NUPS
19:45:48.131 INFO    : Performance per update = 3.0754e+08 NUPS
19:45:48.131 INFO    : Performance per thread = 3.0754e+08 NUPS
19:45:48.131 INFO    : Time for 100 steps = 0.000189 s
19:45:48.131 INFO    : Calculation step = 4900
19:45:48.131 INFO    : Total performance = 6.15079e+10 NUPS
19:45:48.131 INFO    : Performance per update = 3.0754e+08 NUPS
19:45:48.131 INFO    : Performance per thread = 3.0754e+08 NUPS
19:45:48.131 INFO    : Time for 100 steps = 0.000189 s
19:45:48.132 INFO    : Calculation step = 5000
19:45:48.132 INFO    : Total performance = 6.15079e+10 NUPS
19:45:48.132 INFO    : Performance per update = 3.0754e+08 NUPS
19:45:48.132 INFO    : Performance per thread = 3.0754e+08 NUPS
19:45:48.132 INFO    : Time for 100 steps = 0.000189 s
19:45:48.132 INFO    : Calculation step = 5100
19:45:48.132 INFO    : Total performance = 6.15079e+10 NUPS
19:45:48.132 INFO    : Performance per update = 3.0754e+08 NUPS
19:45:48.132 INFO    : Performance per thread = 3.0754e+08 NUPS
19:45:48.132 INFO    : Time for 100 steps = 0.000189 s
19:45:48.132 INFO    : Calculation step = 5200
19:45:48.132 INFO    : Total performance = 5.90102e+10 NUPS
19:45:48.132 INFO    : Performance per update = 2.95051e+08 NUPS
19:45:48.132 INFO    : Performance per thread = 2.95051e+08 NUPS
19:45:48.132 INFO    : Time for 100 steps = 0.000197 s
19:45:48.132 INFO    : Calculation step = 5300
19:45:48.132 INFO    : Total performance = 6.15079e+10 NUPS
19:45:48.132 INFO    : Performance per update = 3.0754e+08 NUPS
19:45:48.132 INFO    : Performance per thread = 3.0754e+08 NUPS
19:45:48.132 INFO    : Time for 100 steps = 0.000189 s
19:45:48.132 INFO    : Calculation step = 5400
19:45:48.132 INFO    : Total performance = 6.15079e+10 NUPS
19:45:48.132 INFO    : Performance per update = 3.0754e+08 NUPS
19:45:48.133 INFO    : Performance per thread = 3.0754e+08 NUPS
19:45:48.133 INFO    : Time for 100 steps = 0.000189 s
19:45:48.133 INFO    : Calculation step = 5500
19:45:48.133 INFO    : Total performance = 6.15079e+10 NUPS
19:45:48.133 INFO    : Performance per update = 3.0754e+08 NUPS
19:45:48.133 INFO    : Performance per thread = 3.0754e+08 NUPS
19:45:48.133 INFO    : Time for 100 steps = 0.000189 s
19:45:48.133 INFO    : Calculation step = 5600
19:45:48.133 INFO    : Total performance = 6.15079e+10 NUPS
19:45:48.133 INFO    : Performance per update = 3.0754e+08 NUPS
19:45:48.133 INFO    : Performance per thread = 3.0754e+08 NUPS
19:45:48.133 INFO    : Time for 100 steps = 0.000189 s
19:45:48.133 INFO    : Calculation step = 5700
19:45:48.133 INFO    : Total performance = 5.96154e+10 NUPS
19:45:48.133 INFO    : Performance per update = 2.98077e+08 NUPS
19:45:48.133 INFO    : Performance per thread = 2.98077e+08 NUPS
19:45:48.133 INFO    : Time for 100 steps = 0.000195 s
19:45:48.133 INFO    : Calculation step = 5800
19:45:48.133 INFO    : Total performance = 6.15079e+10 NUPS
19:45:48.133 INFO    : Performance per update = 3.0754e+08 NUPS
19:45:48.133 INFO    : Performance per thread = 3.0754e+08 NUPS
19:45:48.133 INFO    : Time for 100 steps = 0.000189 s
19:45:48.134 INFO    : Calculation step = 5900
19:45:48.134 INFO    : Total performance = 6.15079e+10 NUPS
19:45:48.134 INFO    : Performance per update = 3.0754e+08 NUPS
19:45:48.134 INFO    : Performance per thread = 3.0754e+08 NUPS
19:45:48.134 INFO    : Time for 100 steps = 0.000189 s
19:45:48.134 INFO    : Calculation step = 6000
19:45:48.134 INFO    : Total performance = 6.15079e+10 NUPS
19:45:48.134 INFO    : Performance per update = 3.0754e+08 NUPS
19:45:48.134 INFO    : Performance per thread = 3.0754e+08 NUPS
19:45:48.134 INFO    : Time for 100 steps = 0.000189 s
19:45:48.134 INFO    : Calculation step = 6100
19:45:48.134 INFO    : Total performance = 6.15079e+10 NUPS
19:45:48.134 INFO    : Performance per update = 3.0754e+08 NUPS
19:45:48.134 INFO    : Performance per thread = 3.0754e+08 NUPS
19:45:48.134 INFO    : Time for 100 steps = 0.000189 s
19:45:48.134 INFO    : Calculation step = 6200
19:45:48.134 INFO    : Total performance = 5.87121e+10 NUPS
19:45:48.134 INFO    : Performance per update = 2.93561e+08 NUPS
19:45:48.134 INFO    : Performance per thread = 2.93561e+08 NUPS
19:45:48.134 INFO    : Time for 100 steps = 0.000198 s
19:45:48.134 INFO    : Calculation step = 6300
19:45:48.134 INFO    : Total performance = 6.15079e+10 NUPS
19:45:48.134 INFO    : Performance per update = 3.0754e+08 NUPS
19:45:48.134 INFO    : Performance per thread = 3.0754e+08 NUPS
19:45:48.134 INFO    : Time for 100 steps = 0.000189 s
19:45:48.135 INFO    : Calculation step = 6400
19:45:48.135 INFO    : Total performance = 6.15079e+10 NUPS
19:45:48.135 INFO    : Performance per update = 3.0754e+08 NUPS
19:45:48.135 INFO    : Performance per thread = 3.0754e+08 NUPS
19:45:48.135 INFO    : Time for 100 steps = 0.000189 s
19:45:48.135 INFO    : Calculation step = 6500
19:45:48.135 INFO    : Total performance = 6.15079e+10 NUPS
19:45:48.135 INFO    : Performance per update = 3.0754e+08 NUPS
19:45:48.135 INFO    : Performance per thread = 3.0754e+08 NUPS
19:45:48.135 INFO    : Time for 100 steps = 0.000189 s
19:45:48.135 INFO    : Calculation step = 6600
19:45:48.135 INFO    : Total performance = 6.15079e+10 NUPS
19:45:48.135 INFO    : Performance per update = 3.0754e+08 NUPS
19:45:48.135 INFO    : Performance per thread = 3.0754e+08 NUPS
19:45:48.135 INFO    : Time for 100 steps = 0.000189 s
19:45:48.135 INFO    : Calculation step = 6700
19:45:48.135 INFO    : Total performance = 5.84171e+10 NUPS
19:45:48.135 INFO    : Performance per update = 2.92085e+08 NUPS
19:45:48.135 INFO    : Performance per thread = 2.92085e+08 NUPS
19:45:48.135 INFO    : Time for 100 steps = 0.000199 s
19:45:48.135 INFO    : Calculation step = 6800
19:45:48.135 INFO    : Total performance = 6.15079e+10 NUPS
19:45:48.135 INFO    : Performance per update = 3.0754e+08 NUPS
19:45:48.135 INFO    : Performance per thread = 3.0754e+08 NUPS
19:45:48.135 INFO    : Time for 100 steps = 0.000189 s
19:45:48.136 INFO    : Calculation step = 6900
19:45:48.136 INFO    : Total performance = 6.15079e+10 NUPS
19:45:48.136 INFO    : Performance per update = 3.0754e+08 NUPS
19:45:48.136 INFO    : Performance per thread = 3.0754e+08 NUPS
19:45:48.136 INFO    : Time for 100 steps = 0.000189 s
19:45:48.136 INFO    : Calculation step = 7000
19:45:48.136 INFO    : Total performance = 6.15079e+10 NUPS
19:45:48.136 INFO    : Performance per update = 3.0754e+08 NUPS
19:45:48.136 INFO    : Performance per thread = 3.0754e+08 NUPS
19:45:48.136 INFO    : Time for 100 steps = 0.000189 s
19:45:48.136 INFO    : Calculation step = 7100
19:45:48.136 INFO    : Total performance = 6.15079e+10 NUPS
19:45:48.136 INFO    : Performance per update = 3.0754e+08 NUPS
19:45:48.136 INFO    : Performance per thread = 3.0754e+08 NUPS
19:45:48.136 INFO    : Time for 100 steps = 0.000189 s
19:45:48.136 INFO    : Calculation step = 7200
19:45:48.136 INFO    : Total performance = 5.87121e+10 NUPS
19:45:48.136 INFO    : Performance per update = 2.93561e+08 NUPS
19:45:48.136 INFO    : Performance per thread = 2.93561e+08 NUPS
19:45:48.136 INFO    : Time for 100 steps = 0.000198 s
19:45:48.136 INFO    : Calculation step = 7300
19:45:48.136 INFO    : Total performance = 6.15079e+10 NUPS
19:45:48.136 INFO    : Performance per update = 3.0754e+08 NUPS
19:45:48.136 INFO    : Performance per thread = 3.0754e+08 NUPS
19:45:48.136 INFO    : Time for 100 steps = 0.000189 s
19:45:48.137 INFO    : Calculation step = 7400
19:45:48.137 INFO    : Total performance = 6.15079e+10 NUPS
19:45:48.137 INFO    : Performance per update = 3.0754e+08 NUPS
19:45:48.137 INFO    : Performance per thread = 3.0754e+08 NUPS
19:45:48.137 INFO    : Time for 100 steps = 0.000189 s
19:45:48.137 INFO    : Calculation step = 7500
19:45:48.137 INFO    : Total performance = 6.15079e+10 NUPS
19:45:48.137 INFO    : Performance per update = 3.0754e+08 NUPS
19:45:48.137 INFO    : Performance per thread = 3.0754e+08 NUPS
19:45:48.137 INFO    : Time for 100 steps = 0.000189 s
19:45:48.137 INFO    : Calculation step = 7600
19:45:48.137 INFO    : Total performance = 5.78358e+10 NUPS
19:45:48.137 INFO    : Performance per update = 2.89179e+08 NUPS
19:45:48.137 INFO    : Performance per thread = 2.89179e+08 NUPS
19:45:48.137 INFO    : Time for 100 steps = 0.000201 s
19:45:48.137 INFO    : Calculation step = 7700
19:45:48.137 INFO    : Total performance = 6.15079e+10 NUPS
19:45:48.137 INFO    : Performance per update = 3.0754e+08 NUPS
19:45:48.137 INFO    : Performance per thread = 3.0754e+08 NUPS
19:45:48.137 INFO    : Time for 100 steps = 0.000189 s
19:45:48.137 INFO    : Calculation step = 7800
19:45:48.137 INFO    : Total performance = 6.15079e+10 NUPS
19:45:48.137 INFO    : Performance per update = 3.0754e+08 NUPS
19:45:48.137 INFO    : Performance per thread = 3.0754e+08 NUPS
19:45:48.137 INFO    : Time for 100 steps = 0.000189 s
19:45:48.138 INFO    : Calculation step = 7900
19:45:48.138 INFO    : Total performance = 6.15079e+10 NUPS
19:45:48.138 INFO    : Performance per update = 3.0754e+08 NUPS
19:45:48.138 INFO    : Performance per thread = 3.0754e+08 NUPS
19:45:48.138 INFO    : Time for 100 steps = 0.000189 s
19:45:48.138 INFO    : Calculation step = 8000
19:45:48.138 INFO    : Total performance = 6.15079e+10 NUPS
19:45:48.138 INFO    : Performance per update = 3.0754e+08 NUPS
19:45:48.138 INFO    : Performance per thread = 3.0754e+08 NUPS
19:45:48.138 INFO    : Time for 100 steps = 0.000189 s
19:45:48.138 INFO    : Calculation step = 8100
19:45:48.138 INFO    : Total performance = 5.90102e+10 NUPS
19:45:48.138 INFO    : Performance per update = 2.95051e+08 NUPS
19:45:48.138 INFO    : Performance per thread = 2.95051e+08 NUPS
19:45:48.138 INFO    : Time for 100 steps = 0.000197 s
19:45:48.138 INFO    : Calculation step = 8200
19:45:48.138 INFO    : Total performance = 6.15079e+10 NUPS
19:45:48.138 INFO    : Performance per update = 3.0754e+08 NUPS
19:45:48.138 INFO    : Performance per thread = 3.0754e+08 NUPS
19:45:48.138 INFO    : Time for 100 steps = 0.000189 s
19:45:48.138 INFO    : Calculation step = 8300
19:45:48.138 INFO    : Total performance = 6.15079e+10 NUPS
19:45:48.138 INFO    : Performance per update = 3.0754e+08 NUPS
19:45:48.138 INFO    : Performance per thread = 3.0754e+08 NUPS
19:45:48.138 INFO    : Time for 100 steps = 0.000189 s
19:45:48.139 INFO    : Calculation step = 8400
19:45:48.139 INFO    : Total performance = 6.15079e+10 NUPS
19:45:48.139 INFO    : Performance per update = 3.0754e+08 NUPS
19:45:48.139 INFO    : Performance per thread = 3.0754e+08 NUPS
19:45:48.139 INFO    : Time for 100 steps = 0.000189 s
19:45:48.139 INFO    : Calculation step = 8500
19:45:48.139 INFO    : Total performance = 6.15079e+10 NUPS
19:45:48.139 INFO    : Performance per update = 3.0754e+08 NUPS
19:45:48.139 INFO    : Performance per thread = 3.0754e+08 NUPS
19:45:48.139 INFO    : Time for 100 steps = 0.000189 s
19:45:48.139 INFO    : Calculation step = 8600
19:45:48.139 INFO    : Total performance = 5.93112e+10 NUPS
19:45:48.139 INFO    : Performance per update = 2.96556e+08 NUPS
19:45:48.139 INFO    : Performance per thread = 2.96556e+08 NUPS
19:45:48.139 INFO    : Time for 100 steps = 0.000196 s
19:45:48.139 INFO    : Calculation step = 8700
19:45:48.139 INFO    : Total performance = 6.15079e+10 NUPS
19:45:48.139 INFO    : Performance per update = 3.0754e+08 NUPS
19:45:48.139 INFO    : Performance per thread = 3.0754e+08 NUPS
19:45:48.139 INFO    : Time for 100 steps = 0.000189 s
19:45:48.140 INFO    : Calculation step = 8800
19:45:48.140 INFO    : Total performance = 6.15079e+10 NUPS
19:45:48.140 INFO    : Performance per update = 3.0754e+08 NUPS
19:45:48.140 INFO    : Performance per thread = 3.0754e+08 NUPS
19:45:48.140 INFO    : Time for 100 steps = 0.000189 s
19:45:48.140 INFO    : Calculation step = 8900
19:45:48.140 INFO    : Total performance = 6.15079e+10 NUPS
19:45:48.140 INFO    : Performance per update = 3.0754e+08 NUPS
19:45:48.140 INFO    : Performance per thread = 3.0754e+08 NUPS
19:45:48.140 INFO    : Time for 100 steps = 0.000189 s
19:45:48.140 INFO    : Calculation step = 9000
19:45:48.140 INFO    : Total performance = 6.15079e+10 NUPS
19:45:48.140 INFO    : Performance per update = 3.0754e+08 NUPS
19:45:48.140 INFO    : Performance per thread = 3.0754e+08 NUPS
19:45:48.140 INFO    : Time for 100 steps = 0.000189 s
19:45:48.140 INFO    : Calculation step = 9100
19:45:48.140 INFO    : Total performance = 5.99227e+10 NUPS
19:45:48.140 INFO    : Performance per update = 2.99613e+08 NUPS
19:45:48.140 INFO    : Performance per thread = 2.99613e+08 NUPS
19:45:48.140 INFO    : Time for 100 steps = 0.000194 s
19:45:48.140 INFO    : Calculation step = 9200
19:45:48.140 INFO    : Total performance = 6.15079e+10 NUPS
19:45:48.140 INFO    : Performance per update = 3.0754e+08 NUPS
19:45:48.140 INFO    : Performance per thread = 3.0754e+08 NUPS
19:45:48.140 INFO    : Time for 100 steps = 0.000189 s
19:45:48.141 INFO    : Calculation step = 9300
19:45:48.141 INFO    : Total performance = 6.15079e+10 NUPS
19:45:48.141 INFO    : Performance per update = 3.0754e+08 NUPS
19:45:48.141 INFO    : Performance per thread = 3.0754e+08 NUPS
19:45:48.141 INFO    : Time for 100 steps = 0.000189 s
19:45:48.141 INFO    : Calculation step = 9400
19:45:48.141 INFO    : Total performance = 6.15079e+10 NUPS
19:45:48.141 INFO    : Performance per update = 3.0754e+08 NUPS
19:45:48.141 INFO    : Performance per thread = 3.0754e+08 NUPS
19:45:48.141 INFO    : Time for 100 steps = 0.000189 s
19:45:48.141 INFO    : Calculation step = 9500
19:45:48.141 INFO    : Total performance = 6.15079e+10 NUPS
19:45:48.141 INFO    : Performance per update = 3.0754e+08 NUPS
19:45:48.141 INFO    : Performance per thread = 3.0754e+08 NUPS
19:45:48.141 INFO    : Time for 100 steps = 0.000189 s
19:45:48.141 INFO    : Calculation step = 9600
19:45:48.141 INFO    : Total performance = 5.87121e+10 NUPS
19:45:48.141 INFO    : Performance per update = 2.93561e+08 NUPS
19:45:48.141 INFO    : Performance per thread = 2.93561e+08 NUPS
19:45:48.141 INFO    : Time for 100 steps = 0.000198 s
19:45:48.141 INFO    : Calculation step = 9700
19:45:48.141 INFO    : Total performance = 6.15079e+10 NUPS
19:45:48.141 INFO    : Performance per update = 3.0754e+08 NUPS
19:45:48.141 INFO    : Performance per thread = 3.0754e+08 NUPS
19:45:48.141 INFO    : Time for 100 steps = 0.000189 s
19:45:48.142 INFO    : Calculation step = 9800
19:45:48.142 INFO    : Total performance = 6.15079e+10 NUPS
19:45:48.142 INFO    : Performance per update = 3.0754e+08 NUPS
19:45:48.142 INFO    : Performance per thread = 3.0754e+08 NUPS
19:45:48.142 INFO    : Time for 100 steps = 0.000189 s
19:45:48.142 INFO    : Calculation step = 9900
19:45:48.142 INFO    : Total performance = 6.15079e+10 NUPS
19:45:48.142 INFO    : Performance per update = 3.0754e+08 NUPS
19:45:48.142 INFO    : Performance per thread = 3.0754e+08 NUPS
19:45:48.142 INFO    : Time for 100 steps = 0.000189 s
19:45:48.142 INFO    : Calculation step = 10000
19:45:48.142 INFO    : Total performance = 6.15079e+10 NUPS
19:45:48.142 INFO    : Performance per update = 3.0754e+08 NUPS
19:45:48.142 INFO    : Performance per thread = 3.0754e+08 NUPS
19:45:48.142 INFO    : Time for 100 steps = 0.000189 s
19:45:48.142 INFO    : Calculation step = 10100
19:45:48.142 INFO    : Total performance = 5.87121e+10 NUPS
19:45:48.142 INFO    : Performance per update = 2.93561e+08 NUPS
19:45:48.142 INFO    : Performance per thread = 2.93561e+08 NUPS
19:45:48.142 INFO    : Time for 100 steps = 0.000198 s
19:45:48.142 INFO    : Calculation step = 10200
19:45:48.142 INFO    : Total performance = 6.15079e+10 NUPS
19:45:48.142 INFO    : Performance per update = 3.0754e+08 NUPS
19:45:48.142 INFO    : Performance per thread = 3.0754e+08 NUPS
19:45:48.142 INFO    : Time for 100 steps = 0.000189 s
19:45:48.143 INFO    : Calculation step = 10300
19:45:48.143 INFO    : Total performance = 6.15079e+10 NUPS
19:45:48.143 INFO    : Performance per update = 3.0754e+08 NUPS
19:45:48.143 INFO    : Performance per thread = 3.0754e+08 NUPS
19:45:48.143 INFO    : Time for 100 steps = 0.000189 s
19:45:48.143 INFO    : Calculation step = 10400
19:45:48.143 INFO    : Total performance = 6.15079e+10 NUPS
19:45:48.143 INFO    : Performance per update = 3.0754e+08 NUPS
19:45:48.143 INFO    : Performance per thread = 3.0754e+08 NUPS
19:45:48.143 INFO    : Time for 100 steps = 0.000189 s
19:45:48.143 INFO    : Calculation step = 10500
19:45:48.143 INFO    : Total performance = 6.15079e+10 NUPS
19:45:48.143 INFO    : Performance per update = 3.0754e+08 NUPS
19:45:48.143 INFO    : Performance per thread = 3.0754e+08 NUPS
19:45:48.143 INFO    : Time for 100 steps = 0.000189 s
19:45:48.143 INFO    : Calculation step = 10600
19:45:48.143 INFO    : Total performance = 5.87121e+10 NUPS
19:45:48.143 INFO    : Performance per update = 2.93561e+08 NUPS
19:45:48.143 INFO    : Performance per thread = 2.93561e+08 NUPS
19:45:48.143 INFO    : Time for 100 steps = 0.000198 s
19:45:48.143 INFO    : Calculation step = 10700
19:45:48.143 INFO    : Total performance = 6.15079e+10 NUPS
19:45:48.143 INFO    : Performance per update = 3.0754e+08 NUPS
19:45:48.143 INFO    : Performance per thread = 3.0754e+08 NUPS
19:45:48.143 INFO    : Time for 100 steps = 0.000189 s
19:45:48.144 INFO    : Calculation step = 10800
19:45:48.144 INFO    : Total performance = 6.15079e+10 NUPS
19:45:48.144 INFO    : Performance per update = 3.0754e+08 NUPS
19:45:48.144 INFO    : Performance per thread = 3.0754e+08 NUPS
19:45:48.144 INFO    : Time for 100 steps = 0.000189 s
19:45:48.144 INFO    : Calculation step = 10900
19:45:48.144 INFO    : Total performance = 6.15079e+10 NUPS
19:45:48.144 INFO    : Performance per update = 3.0754e+08 NUPS
19:45:48.144 INFO    : Performance per thread = 3.0754e+08 NUPS
19:45:48.144 INFO    : Time for 100 steps = 0.000189 s
19:45:48.144 INFO    : Calculation step = 11000
19:45:48.144 INFO    : Total performance = 5.84171e+10 NUPS
19:45:48.144 INFO    : Performance per update = 2.92085e+08 NUPS
19:45:48.144 INFO    : Performance per thread = 2.92085e+08 NUPS
19:45:48.144 INFO    : Time for 100 steps = 0.000199 s
19:45:48.144 INFO    : Calculation step = 11100
19:45:48.144 INFO    : Total performance = 6.15079e+10 NUPS
19:45:48.144 INFO    : Performance per update = 3.0754e+08 NUPS
19:45:48.144 INFO    : Performance per thread = 3.0754e+08 NUPS
19:45:48.144 INFO    : Time for 100 steps = 0.000189 s
19:45:48.144 INFO    : Calculation step = 11200
19:45:48.144 INFO    : Total performance = 6.15079e+10 NUPS
19:45:48.144 INFO    : Performance per update = 3.0754e+08 NUPS
19:45:48.144 INFO    : Performance per thread = 3.0754e+08 NUPS
19:45:48.144 INFO    : Time for 100 steps = 0.000189 s
19:45:48.145 INFO    : Calculation step = 11300
19:45:48.145 INFO    : Total performance = 6.15079e+10 NUPS
19:45:48.145 INFO    : Performance per update = 3.0754e+08 NUPS
19:45:48.145 INFO    : Performance per thread = 3.0754e+08 NUPS
19:45:48.145 INFO    : Time for 100 steps = 0.000189 s
19:45:48.145 INFO    : Calculation step = 11400
19:45:48.145 INFO    : Total performance = 6.15079e+10 NUPS
19:45:48.145 INFO    : Performance per update = 3.0754e+08 NUPS
19:45:48.145 INFO    : Performance per thread = 3.0754e+08 NUPS
19:45:48.145 INFO    : Time for 100 steps = 0.000189 s
19:45:48.145 INFO    : Calculation step = 11500
19:45:48.145 INFO    : Total performance = 5.8125e+10 NUPS
19:45:48.145 INFO    : Performance per update = 2.90625e+08 NUPS
19:45:48.145 INFO    : Performance per thread = 2.90625e+08 NUPS
19:45:48.145 INFO    : Time for 100 steps = 0.0002 s
19:45:48.145 INFO    : Calculation step = 11600
19:45:48.145 INFO    : Total performance = 6.15079e+10 NUPS
19:45:48.145 INFO    : Performance per update = 3.0754e+08 NUPS
19:45:48.145 INFO    : Performance per thread = 3.0754e+08 NUPS
19:45:48.145 INFO    : Time for 100 steps = 0.000189 s
19:45:48.145 INFO    : Calculation step = 11700
19:45:48.145 INFO    : Total performance = 6.15079e+10 NUPS
19:45:48.145 INFO    : Performance per update = 3.0754e+08 NUPS
19:45:48.145 INFO    : Performance per thread = 3.0754e+08 NUPS
19:45:48.145 INFO    : Time for 100 steps = 0.000189 s
19:45:48.146 INFO    : Calculation step = 11800
19:45:48.146 INFO    : Total performance = 6.15079e+10 NUPS
19:45:48.146 INFO    : Performance per update = 3.0754e+08 NUPS
19:45:48.146 INFO    : Performance per thread = 3.0754e+08 NUPS
19:45:48.146 INFO    : Time for 100 steps = 0.000189 s
19:45:48.146 INFO    : Calculation step = 11900
19:45:48.146 INFO    : Total performance = 6.15079e+10 NUPS
19:45:48.146 INFO    : Performance per update = 3.0754e+08 NUPS
19:45:48.146 INFO    : Performance per thread = 3.0754e+08 NUPS
19:45:48.146 INFO    : Time for 100 steps = 0.000189 s
19:45:48.146 INFO    : Calculation step = 12000
19:45:48.146 INFO    : Total performance = 5.93112e+10 NUPS
19:45:48.146 INFO    : Performance per update = 2.96556e+08 NUPS
19:45:48.146 INFO    : Performance per thread = 2.96556e+08 NUPS
19:45:48.146 INFO    : Time for 100 steps = 0.000196 s
19:45:48.146 INFO    : Calculation step = 12100
19:45:48.146 INFO    : Total performance = 6.15079e+10 NUPS
19:45:48.146 INFO    : Performance per update = 3.0754e+08 NUPS
19:45:48.146 INFO    : Performance per thread = 3.0754e+08 NUPS
19:45:48.146 INFO    : Time for 100 steps = 0.000189 s
19:45:48.147 INFO    : Calculation step = 12200
19:45:48.147 INFO    : Total performance = 6.15079e+10 NUPS
19:45:48.147 INFO    : Performance per update = 3.0754e+08 NUPS
19:45:48.147 INFO    : Performance per thread = 3.0754e+08 NUPS
19:45:48.147 INFO    : Time for 100 steps = 0.000189 s
19:45:48.147 INFO    : Calculation step = 12300
19:45:48.147 INFO    : Total performance = 6.15079e+10 NUPS
19:45:48.147 INFO    : Performance per update = 3.0754e+08 NUPS
19:45:48.147 INFO    : Performance per thread = 3.0754e+08 NUPS
19:45:48.147 INFO    : Time for 100 steps = 0.000189 s
19:45:48.147 INFO    : Calculation step = 12400
19:45:48.147 INFO    : Total performance = 6.15079e+10 NUPS
19:45:48.147 INFO    : Performance per update = 3.0754e+08 NUPS
19:45:48.147 INFO    : Performance per thread = 3.0754e+08 NUPS
19:45:48.147 INFO    : Time for 100 steps = 0.000189 s
19:45:48.147 INFO    : Calculation step = 12500
19:45:48.147 INFO    : Total performance = 5.99227e+10 NUPS
19:45:48.147 INFO    : Performance per update = 2.99613e+08 NUPS
19:45:48.147 INFO    : Performance per thread = 2.99613e+08 NUPS
19:45:48.147 INFO    : Time for 100 steps = 0.000194 s
19:45:48.147 INFO    : Calculation step = 12600
19:45:48.147 INFO    : Total performance = 6.15079e+10 NUPS
19:45:48.147 INFO    : Performance per update = 3.0754e+08 NUPS
19:45:48.147 INFO    : Performance per thread = 3.0754e+08 NUPS
19:45:48.147 INFO    : Time for 100 steps = 0.000189 s
19:45:48.148 INFO    : Calculation step = 12700
19:45:48.148 INFO    : Total performance = 6.15079e+10 NUPS
19:45:48.148 INFO    : Performance per update = 3.0754e+08 NUPS
19:45:48.148 INFO    : Performance per thread = 3.0754e+08 NUPS
19:45:48.148 INFO    : Time for 100 steps = 0.000189 s
19:45:48.148 INFO    : Calculation step = 12800
19:45:48.148 INFO    : Total performance = 6.15079e+10 NUPS
19:45:48.148 INFO    : Performance per update = 3.0754e+08 NUPS
19:45:48.148 INFO    : Performance per thread = 3.0754e+08 NUPS
19:45:48.148 INFO    : Time for 100 steps = 0.000189 s
19:45:48.148 INFO    : Calculation step = 12900
19:45:48.148 INFO    : Total performance = 6.15079e+10 NUPS
19:45:48.148 INFO    : Performance per update = 3.0754e+08 NUPS
19:45:48.148 INFO    : Performance per thread = 3.0754e+08 NUPS
19:45:48.148 INFO    : Time for 100 steps = 0.000189 s
19:45:48.148 INFO    : Calculation step = 13000
19:45:48.148 INFO    : Total performance = 5.96154e+10 NUPS
19:45:48.148 INFO    : Performance per update = 2.98077e+08 NUPS
19:45:48.148 INFO    : Performance per thread = 2.98077e+08 NUPS
19:45:48.148 INFO    : Time for 100 steps = 0.000195 s
19:45:48.148 INFO    : Calculation step = 13100
19:45:48.148 INFO    : Total performance = 6.15079e+10 NUPS
19:45:48.148 INFO    : Performance per update = 3.0754e+08 NUPS
19:45:48.148 INFO    : Performance per thread = 3.0754e+08 NUPS
19:45:48.148 INFO    : Time for 100 steps = 0.000189 s
19:45:48.149 INFO    : Calculation step = 13200
19:45:48.149 INFO    : Total performance = 6.15079e+10 NUPS
19:45:48.149 INFO    : Performance per update = 3.0754e+08 NUPS
19:45:48.149 INFO    : Performance per thread = 3.0754e+08 NUPS
19:45:48.149 INFO    : Time for 100 steps = 0.000189 s
19:45:48.149 INFO    : Calculation step = 13300
19:45:48.149 INFO    : Total performance = 6.15079e+10 NUPS
19:45:48.149 INFO    : Performance per update = 3.0754e+08 NUPS
19:45:48.149 INFO    : Performance per thread = 3.0754e+08 NUPS
19:45:48.149 INFO    : Time for 100 steps = 0.000189 s
19:45:48.149 INFO    : Calculation step = 13400
19:45:48.149 INFO    : Total performance = 6.15079e+10 NUPS
19:45:48.149 INFO    : Performance per update = 3.0754e+08 NUPS
19:45:48.149 INFO    : Performance per thread = 3.0754e+08 NUPS
19:45:48.149 INFO    : Time for 100 steps = 0.000189 s
19:45:48.149 INFO    : Calculation step = 13500
19:45:48.149 INFO    : Total performance = 5.90102e+10 NUPS
19:45:48.149 INFO    : Performance per update = 2.95051e+08 NUPS
19:45:48.149 INFO    : Performance per thread = 2.95051e+08 NUPS
19:45:48.149 INFO    : Time for 100 steps = 0.000197 s
19:45:48.149 INFO    : Calculation step = 13600
19:45:48.149 INFO    : Total performance = 6.15079e+10 NUPS
19:45:48.149 INFO    : Performance per update = 3.0754e+08 NUPS
19:45:48.149 INFO    : Performance per thread = 3.0754e+08 NUPS
19:45:48.149 INFO    : Time for 100 steps = 0.000189 s
19:45:48.150 INFO    : Calculation step = 13700
19:45:48.150 INFO    : Total performance = 6.15079e+10 NUPS
19:45:48.150 INFO    : Performance per update = 3.0754e+08 NUPS
19:45:48.150 INFO    : Performance per thread = 3.0754e+08 NUPS
19:45:48.150 INFO    : Time for 100 steps = 0.000189 s
19:45:48.150 INFO    : Calculation step = 13800
19:45:48.150 INFO    : Total performance = 6.15079e+10 NUPS
19:45:48.150 INFO    : Performance per update = 3.0754e+08 NUPS
19:45:48.150 INFO    : Performance per thread = 3.0754e+08 NUPS
19:45:48.150 INFO    : Time for 100 steps = 0.000189 s
19:45:48.150 INFO    : Calculation step = 13900
19:45:48.150 INFO    : Total performance = 6.15079e+10 NUPS
19:45:48.150 INFO    : Performance per update = 3.0754e+08 NUPS
19:45:48.150 INFO    : Performance per thread = 3.0754e+08 NUPS
19:45:48.150 INFO    : Time for 100 steps = 0.000189 s
19:45:48.150 INFO    : Calculation step = 14000
19:45:48.150 INFO    : Total performance = 6.11842e+10 NUPS
19:45:48.150 INFO    : Performance per update = 3.05921e+08 NUPS
19:45:48.150 INFO    : Performance per thread = 3.05921e+08 NUPS
19:45:48.150 INFO    : Time for 100 steps = 0.00019 s
19:45:48.150 INFO    : Calculation step = 14100
19:45:48.150 INFO    : Total performance = 6.15079e+10 NUPS
19:45:48.150 INFO    : Performance per update = 3.0754e+08 NUPS
19:45:48.150 INFO    : Performance per thread = 3.0754e+08 NUPS
19:45:48.150 INFO    : Time for 100 steps = 0.000189 s
19:45:48.151 INFO    : Calculation step = 14200
19:45:48.151 INFO    : Total performance = 6.15079e+10 NUPS
19:45:48.151 INFO    : Performance per update = 3.0754e+08 NUPS
19:45:48.151 INFO    : Performance per thread = 3.0754e+08 NUPS
19:45:48.151 INFO    : Time for 100 steps = 0.000189 s
19:45:48.151 INFO    : Calculation step = 14300
19:45:48.151 INFO    : Total performance = 6.15079e+10 NUPS
19:45:48.151 INFO    : Performance per update = 3.0754e+08 NUPS
19:45:48.151 INFO    : Performance per thread = 3.0754e+08 NUPS
19:45:48.151 INFO    : Time for 100 steps = 0.000189 s
19:45:48.151 INFO    : Calculation step = 14400
19:45:48.151 INFO    : Total performance = 5.8125e+10 NUPS
19:45:48.151 INFO    : Performance per update = 2.90625e+08 NUPS
19:45:48.151 INFO    : Performance per thread = 2.90625e+08 NUPS
19:45:48.151 INFO    : Time for 100 steps = 0.0002 s
19:45:48.151 INFO    : Calculation step = 14500
19:45:48.151 INFO    : Total performance = 6.15079e+10 NUPS
19:45:48.151 INFO    : Performance per update = 3.0754e+08 NUPS
19:45:48.151 INFO    : Performance per thread = 3.0754e+08 NUPS
19:45:48.151 INFO    : Time for 100 steps = 0.000189 s
19:45:48.151 INFO    : Calculation step = 14600
19:45:48.151 INFO    : Total performance = 6.15079e+10 NUPS
19:45:48.151 INFO    : Performance per update = 3.0754e+08 NUPS
19:45:48.151 INFO    : Performance per thread = 3.0754e+08 NUPS
19:45:48.151 INFO    : Time for 100 steps = 0.000189 s
19:45:48.152 INFO    : Calculation step = 14700
19:45:48.152 INFO    : Total performance = 6.15079e+10 NUPS
19:45:48.152 INFO    : Performance per update = 3.0754e+08 NUPS
19:45:48.152 INFO    : Performance per thread = 3.0754e+08 NUPS
19:45:48.152 INFO    : Time for 100 steps = 0.000189 s
19:45:48.152 INFO    : Calculation step = 14800
19:45:48.152 INFO    : Total performance = 6.15079e+10 NUPS
19:45:48.152 INFO    : Performance per update = 3.0754e+08 NUPS
19:45:48.152 INFO    : Performance per thread = 3.0754e+08 NUPS
19:45:48.152 INFO    : Time for 100 steps = 0.000189 s
19:45:48.152 INFO    : Calculation step = 14900
19:45:48.152 INFO    : Total performance = 5.84171e+10 NUPS
19:45:48.152 INFO    : Performance per update = 2.92085e+08 NUPS
19:45:48.152 INFO    : Performance per thread = 2.92085e+08 NUPS
19:45:48.152 INFO    : Time for 100 steps = 0.000199 s
19:45:48.152 INFO    : Calculation step = 15000
19:45:48.152 INFO    : Total performance = 6.15079e+10 NUPS
19:45:48.152 INFO    : Performance per update = 3.0754e+08 NUPS
19:45:48.152 INFO    : Performance per thread = 3.0754e+08 NUPS
19:45:48.152 INFO    : Time for 100 steps = 0.000189 s
19:45:48.152 INFO    : Calculation step = 15100
19:45:48.152 INFO    : Total performance = 6.15079e+10 NUPS
19:45:48.153 INFO    : Performance per update = 3.0754e+08 NUPS
19:45:48.153 INFO    : Performance per thread = 3.0754e+08 NUPS
19:45:48.153 INFO    : Time for 100 steps = 0.000189 s
19:45:48.153 INFO    : Calculation step = 15200
19:45:48.153 INFO    : Total performance = 6.15079e+10 NUPS
19:45:48.153 INFO    : Performance per update = 3.0754e+08 NUPS
19:45:48.153 INFO    : Performance per thread = 3.0754e+08 NUPS
19:45:48.153 INFO    : Time for 100 steps = 0.000189 s
19:45:48.153 INFO    : Calculation step = 15300
19:45:48.153 INFO    : Total performance = 6.15079e+10 NUPS
19:45:48.153 INFO    : Performance per update = 3.0754e+08 NUPS
19:45:48.153 INFO    : Performance per thread = 3.0754e+08 NUPS
19:45:48.153 INFO    : Time for 100 steps = 0.000189 s
19:45:48.153 INFO    : Calculation step = 15400
19:45:48.153 INFO    : Total performance = 5.87121e+10 NUPS
19:45:48.153 INFO    : Performance per update = 2.93561e+08 NUPS
19:45:48.153 INFO    : Performance per thread = 2.93561e+08 NUPS
19:45:48.153 INFO    : Time for 100 steps = 0.000198 s
19:45:48.153 INFO    : Calculation step = 15500
19:45:48.153 INFO    : Total performance = 6.15079e+10 NUPS
19:45:48.153 INFO    : Performance per update = 3.0754e+08 NUPS
19:45:48.153 INFO    : Performance per thread = 3.0754e+08 NUPS
19:45:48.153 INFO    : Time for 100 steps = 0.000189 s
19:45:48.154 INFO    : Calculation step = 15600
19:45:48.154 INFO    : Total performance = 5.8125e+10 NUPS
19:45:48.154 INFO    : Performance per update = 2.90625e+08 NUPS
19:45:48.154 INFO    : Performance per thread = 2.90625e+08 NUPS
19:45:48.154 INFO    : Time for 100 steps = 0.0002 s
19:45:48.154 INFO    : Calculation step = 15700
19:45:48.154 INFO    : Total performance = 6.15079e+10 NUPS
19:45:48.154 INFO    : Performance per update = 3.0754e+08 NUPS
19:45:48.154 INFO    : Performance per thread = 3.0754e+08 NUPS
19:45:48.154 INFO    : Time for 100 steps = 0.000189 s
19:45:48.154 INFO    : Calculation step = 15800
19:45:48.154 INFO    : Total performance = 6.15079e+10 NUPS
19:45:48.154 INFO    : Performance per update = 3.0754e+08 NUPS
19:45:48.154 INFO    : Performance per thread = 3.0754e+08 NUPS
19:45:48.154 INFO    : Time for 100 steps = 0.000189 s
19:45:48.154 INFO    : Calculation step = 15900
19:45:48.154 INFO    : Total performance = 5.93112e+10 NUPS
19:45:48.154 INFO    : Performance per update = 2.96556e+08 NUPS
19:45:48.154 INFO    : Performance per thread = 2.96556e+08 NUPS
19:45:48.154 INFO    : Time for 100 steps = 0.000196 s
19:45:48.154 INFO    : Calculation step = 16000
19:45:48.154 INFO    : Total performance = 6.15079e+10 NUPS
19:45:48.154 INFO    : Performance per update = 3.0754e+08 NUPS
19:45:48.154 INFO    : Performance per thread = 3.0754e+08 NUPS
19:45:48.154 INFO    : Time for 100 steps = 0.000189 s
19:45:48.155 INFO    : Calculation step = 16100
19:45:48.155 INFO    : Total performance = 6.15079e+10 NUPS
19:45:48.155 INFO    : Performance per update = 3.0754e+08 NUPS
19:45:48.155 INFO    : Performance per thread = 3.0754e+08 NUPS
19:45:48.155 INFO    : Time for 100 steps = 0.000189 s
19:45:48.155 INFO    : Calculation step = 16200
19:45:48.155 INFO    : Total performance = 6.15079e+10 NUPS
19:45:48.155 INFO    : Performance per update = 3.0754e+08 NUPS
19:45:48.155 INFO    : Performance per thread = 3.0754e+08 NUPS
19:45:48.155 INFO    : Time for 100 steps = 0.000189 s
19:45:48.155 INFO    : Calculation step = 16300
19:45:48.155 INFO    : Total performance = 6.15079e+10 NUPS
19:45:48.155 INFO    : Performance per update = 3.0754e+08 NUPS
19:45:48.155 INFO    : Performance per thread = 3.0754e+08 NUPS
19:45:48.155 INFO    : Time for 100 steps = 0.000189 s
19:45:48.155 INFO    : Calculation step = 16400
19:45:48.155 INFO    : Total performance = 5.90102e+10 NUPS
19:45:48.155 INFO    : Performance per update = 2.95051e+08 NUPS
19:45:48.155 INFO    : Performance per thread = 2.95051e+08 NUPS
19:45:48.155 INFO    : Time for 100 steps = 0.000197 s
19:45:48.155 INFO    : Calculation step = 16500
19:45:48.155 INFO    : Total performance = 6.15079e+10 NUPS
19:45:48.155 INFO    : Performance per update = 3.0754e+08 NUPS
19:45:48.155 INFO    : Performance per thread = 3.0754e+08 NUPS
19:45:48.155 INFO    : Time for 100 steps = 0.000189 s
19:45:48.156 INFO    : Calculation step = 16600
19:45:48.156 INFO    : Total performance = 6.15079e+10 NUPS
19:45:48.156 INFO    : Performance per update = 3.0754e+08 NUPS
19:45:48.156 INFO    : Performance per thread = 3.0754e+08 NUPS
19:45:48.156 INFO    : Time for 100 steps = 0.000189 s
19:45:48.156 INFO    : Calculation step = 16700
19:45:48.156 INFO    : Total performance = 6.15079e+10 NUPS
19:45:48.156 INFO    : Performance per update = 3.0754e+08 NUPS
19:45:48.156 INFO    : Performance per thread = 3.0754e+08 NUPS
19:45:48.156 INFO    : Time for 100 steps = 0.000189 s
19:45:48.156 INFO    : Calculation step = 16800
19:45:48.156 INFO    : Total performance = 6.15079e+10 NUPS
19:45:48.156 INFO    : Performance per update = 3.0754e+08 NUPS
19:45:48.156 INFO    : Performance per thread = 3.0754e+08 NUPS
19:45:48.156 INFO    : Time for 100 steps = 0.000189 s
19:45:48.156 INFO    : Calculation step = 16900
19:45:48.156 INFO    : Total performance = 6.15079e+10 NUPS
19:45:48.156 INFO    : Performance per update = 3.0754e+08 NUPS
19:45:48.156 INFO    : Performance per thread = 3.0754e+08 NUPS
19:45:48.156 INFO    : Time for 100 steps = 0.000189 s
19:45:48.156 INFO    : Calculation step = 17000
19:45:48.156 INFO    : Total performance = 6.15079e+10 NUPS
19:45:48.156 INFO    : Performance per update = 3.0754e+08 NUPS
19:45:48.156 INFO    : Performance per thread = 3.0754e+08 NUPS
19:45:48.156 INFO    : Time for 100 steps = 0.000189 s
19:45:48.157 INFO    : Calculation step = 17100
19:45:48.157 INFO    : Total performance = 6.15079e+10 NUPS
19:45:48.157 INFO    : Performance per update = 3.0754e+08 NUPS
19:45:48.157 INFO    : Performance per thread = 3.0754e+08 NUPS
19:45:48.157 INFO    : Time for 100 steps = 0.000189 s
19:45:48.157 INFO    : Calculation step = 17200
19:45:48.157 INFO    : Total performance = 6.15079e+10 NUPS
19:45:48.157 INFO    : Performance per update = 3.0754e+08 NUPS
19:45:48.157 INFO    : Performance per thread = 3.0754e+08 NUPS
19:45:48.157 INFO    : Time for 100 steps = 0.000189 s
19:45:48.157 INFO    : Calculation step = 17300
19:45:48.157 INFO    : Total performance = 5.90102e+10 NUPS
19:45:48.157 INFO    : Performance per update = 2.95051e+08 NUPS
19:45:48.157 INFO    : Performance per thread = 2.95051e+08 NUPS
19:45:48.157 INFO    : Time for 100 steps = 0.000197 s
19:45:48.157 INFO    : Calculation step = 17400
19:45:48.157 INFO    : Total performance = 5.84171e+10 NUPS
19:45:48.157 INFO    : Performance per update = 2.92085e+08 NUPS
19:45:48.157 INFO    : Performance per thread = 2.92085e+08 NUPS
19:45:48.157 INFO    : Time for 100 steps = 0.000199 s
19:45:48.157 INFO    : Calculation step = 17500
19:45:48.157 INFO    : Total performance = 6.15079e+10 NUPS
19:45:48.157 INFO    : Performance per update = 3.0754e+08 NUPS
19:45:48.157 INFO    : Performance per thread = 3.0754e+08 NUPS
19:45:48.157 INFO    : Time for 100 steps = 0.000189 s
19:45:48.158 INFO    : Calculation step = 17600
19:45:48.158 INFO    : Total performance = 6.15079e+10 NUPS
19:45:48.158 INFO    : Performance per update = 3.0754e+08 NUPS
19:45:48.158 INFO    : Performance per thread = 3.0754e+08 NUPS
19:45:48.158 INFO    : Time for 100 steps = 0.000189 s
19:45:48.158 INFO    : Calculation step = 17700
19:45:48.158 INFO    : Total performance = 6.11842e+10 NUPS
19:45:48.158 INFO    : Performance per update = 3.05921e+08 NUPS
19:45:48.158 INFO    : Performance per thread = 3.05921e+08 NUPS
19:45:48.158 INFO    : Time for 100 steps = 0.00019 s
19:45:48.158 INFO    : Calculation step = 17800
19:45:48.158 INFO    : Total performance = 5.96154e+10 NUPS
19:45:48.158 INFO    : Performance per update = 2.98077e+08 NUPS
19:45:48.158 INFO    : Performance per thread = 2.98077e+08 NUPS
19:45:48.158 INFO    : Time for 100 steps = 0.000195 s
19:45:48.158 INFO    : Calculation step = 17900
19:45:48.158 INFO    : Total performance = 6.15079e+10 NUPS
19:45:48.158 INFO    : Performance per update = 3.0754e+08 NUPS
19:45:48.158 INFO    : Performance per thread = 3.0754e+08 NUPS
19:45:48.158 INFO    : Time for 100 steps = 0.000189 s
19:45:48.159 INFO    : Calculation step = 18000
19:45:48.159 INFO    : Total performance = 6.15079e+10 NUPS
19:45:48.159 INFO    : Performance per update = 3.0754e+08 NUPS
19:45:48.159 INFO    : Performance per thread = 3.0754e+08 NUPS
19:45:48.159 INFO    : Time for 100 steps = 0.000189 s
19:45:48.159 INFO    : Calculation step = 18100
19:45:48.159 INFO    : Total performance = 6.15079e+10 NUPS
19:45:48.159 INFO    : Performance per update = 3.0754e+08 NUPS
19:45:48.159 INFO    : Performance per thread = 3.0754e+08 NUPS
19:45:48.159 INFO    : Time for 100 steps = 0.000189 s
19:45:48.159 INFO    : Calculation step = 18200
19:45:48.159 INFO    : Total performance = 6.15079e+10 NUPS
19:45:48.159 INFO    : Performance per update = 3.0754e+08 NUPS
19:45:48.159 INFO    : Performance per thread = 3.0754e+08 NUPS
19:45:48.159 INFO    : Time for 100 steps = 0.000189 s
19:45:48.159 INFO    : Calculation step = 18300
19:45:48.159 INFO    : Total performance = 5.87121e+10 NUPS
19:45:48.159 INFO    : Performance per update = 2.93561e+08 NUPS
19:45:48.159 INFO    : Performance per thread = 2.93561e+08 NUPS
19:45:48.159 INFO    : Time for 100 steps = 0.000198 s
19:45:48.159 INFO    : Calculation step = 18400
19:45:48.159 INFO    : Total performance = 6.15079e+10 NUPS
19:45:48.159 INFO    : Performance per update = 3.0754e+08 NUPS
19:45:48.159 INFO    : Performance per thread = 3.0754e+08 NUPS
19:45:48.159 INFO    : Time for 100 steps = 0.000189 s
19:45:48.160 INFO    : Calculation step = 18500
19:45:48.160 INFO    : Total performance = 6.15079e+10 NUPS
19:45:48.160 INFO    : Performance per update = 3.0754e+08 NUPS
19:45:48.160 INFO    : Performance per thread = 3.0754e+08 NUPS
19:45:48.160 INFO    : Time for 100 steps = 0.000189 s
19:45:48.160 INFO    : Calculation step = 18600
19:45:48.160 INFO    : Total performance = 6.15079e+10 NUPS
19:45:48.160 INFO    : Performance per update = 3.0754e+08 NUPS
19:45:48.160 INFO    : Performance per thread = 3.0754e+08 NUPS
19:45:48.160 INFO    : Time for 100 steps = 0.000189 s
19:45:48.160 INFO    : Calculation step = 18700
19:45:48.160 INFO    : Total performance = 5.96154e+10 NUPS
19:45:48.160 INFO    : Performance per update = 2.98077e+08 NUPS
19:45:48.160 INFO    : Performance per thread = 2.98077e+08 NUPS
19:45:48.160 INFO    : Time for 100 steps = 0.000195 s
19:45:48.160 INFO    : Calculation step = 18800
19:45:48.160 INFO    : Total performance = 5.84171e+10 NUPS
19:45:48.160 INFO    : Performance per update = 2.92085e+08 NUPS
19:45:48.160 INFO    : Performance per thread = 2.92085e+08 NUPS
19:45:48.160 INFO    : Time for 100 steps = 0.000199 s
19:45:48.160 INFO    : Calculation step = 18900
19:45:48.160 INFO    : Total performance = 6.15079e+10 NUPS
19:45:48.160 INFO    : Performance per update = 3.0754e+08 NUPS
19:45:48.160 INFO    : Performance per thread = 3.0754e+08 NUPS
19:45:48.160 INFO    : Time for 100 steps = 0.000189 s
19:45:48.161 INFO    : Calculation step = 19000
19:45:48.161 INFO    : Total performance = 5.87121e+10 NUPS
19:45:48.161 INFO    : Performance per update = 2.93561e+08 NUPS
19:45:48.161 INFO    : Performance per thread = 2.93561e+08 NUPS
19:45:48.161 INFO    : Time for 100 steps = 0.000198 s
19:45:48.161 INFO    : Calculation step = 19100
19:45:48.161 INFO    : Total performance = 6.11842e+10 NUPS
19:45:48.161 INFO    : Performance per update = 3.05921e+08 NUPS
19:45:48.161 INFO    : Performance per thread = 3.05921e+08 NUPS
19:45:48.161 INFO    : Time for 100 steps = 0.00019 s
19:45:48.161 INFO    : Calculation step = 19200
19:45:48.161 INFO    : Total performance = 5.67073e+10 NUPS
19:45:48.161 INFO    : Performance per update = 2.83537e+08 NUPS
19:45:48.161 INFO    : Performance per thread = 2.83537e+08 NUPS
19:45:48.161 INFO    : Time for 100 steps = 0.000205 s
19:45:48.161 INFO    : Calculation step = 19300
19:45:48.161 INFO    : Total performance = 6.11842e+10 NUPS
19:45:48.161 INFO    : Performance per update = 3.05921e+08 NUPS
19:45:48.161 INFO    : Performance per thread = 3.05921e+08 NUPS
19:45:48.161 INFO    : Time for 100 steps = 0.00019 s
19:45:48.161 INFO    : Calculation step = 19400
19:45:48.161 INFO    : Total performance = 5.75495e+10 NUPS
19:45:48.161 INFO    : Performance per update = 2.87748e+08 NUPS
19:45:48.161 INFO    : Performance per thread = 2.87748e+08 NUPS
19:45:48.161 INFO    : Time for 100 steps = 0.000202 s
19:45:48.162 INFO    : Calculation step = 19500
19:45:48.162 INFO    : Total performance = 6.15079e+10 NUPS
19:45:48.162 INFO    : Performance per update = 3.0754e+08 NUPS
19:45:48.162 INFO    : Performance per thread = 3.0754e+08 NUPS
19:45:48.162 INFO    : Time for 100 steps = 0.000189 s
19:45:48.162 INFO    : Calculation step = 19600
19:45:48.162 INFO    : Total performance = 6.15079e+10 NUPS
19:45:48.162 INFO    : Performance per update = 3.0754e+08 NUPS
19:45:48.162 INFO    : Performance per thread = 3.0754e+08 NUPS
19:45:48.162 INFO    : Time for 100 steps = 0.000189 s
19:45:48.162 INFO    : Calculation step = 19700
19:45:48.162 INFO    : Total performance = 5.90102e+10 NUPS
19:45:48.162 INFO    : Performance per update = 2.95051e+08 NUPS
19:45:48.162 INFO    : Performance per thread = 2.95051e+08 NUPS
19:45:48.162 INFO    : Time for 100 steps = 0.000197 s
19:45:48.162 INFO    : Calculation step = 19800
19:45:48.162 INFO    : Total performance = 5.90102e+10 NUPS
19:45:48.162 INFO    : Performance per update = 2.95051e+08 NUPS
19:45:48.162 INFO    : Performance per thread = 2.95051e+08 NUPS
19:45:48.162 INFO    : Time for 100 steps = 0.000197 s
19:45:48.162 INFO    : Calculation step = 19900
19:45:48.162 INFO    : Total performance = 6.15079e+10 NUPS
19:45:48.162 INFO    : Performance per update = 3.0754e+08 NUPS
19:45:48.162 INFO    : Performance per thread = 3.0754e+08 NUPS
19:45:48.162 INFO    : Time for 100 steps = 0.000189 s
19:45:48.163 INFO    : Calculation step = 20000
19:45:48.163 INFO    : Total performance = 6.15079e+10 NUPS
19:45:48.163 INFO    : Performance per update = 3.0754e+08 NUPS
19:45:48.163 INFO    : Performance per thread = 3.0754e+08 NUPS
19:45:48.163 INFO    : Time for 100 steps = 0.000189 s
19:45:48.163 INFO    : Calculation step = 20100
19:45:48.163 INFO    : Total performance = 6.15079e+10 NUPS
19:45:48.163 INFO    : Performance per update = 3.0754e+08 NUPS
19:45:48.163 INFO    : Performance per thread = 3.0754e+08 NUPS
19:45:48.163 INFO    : Time for 100 steps = 0.000189 s
19:45:48.163 INFO    : Calculation step = 20200
19:45:48.163 INFO    : Total performance = 5.87121e+10 NUPS
19:45:48.163 INFO    : Performance per update = 2.93561e+08 NUPS
19:45:48.163 INFO    : Performance per thread = 2.93561e+08 NUPS
19:45:48.163 INFO    : Time for 100 steps = 0.000198 s
19:45:48.163 INFO    : Calculation step = 20300
19:45:48.163 INFO    : Total performance = 6.15079e+10 NUPS
19:45:48.163 INFO    : Performance per update = 3.0754e+08 NUPS
19:45:48.163 INFO    : Performance per thread = 3.0754e+08 NUPS
19:45:48.163 INFO    : Time for 100 steps = 0.000189 s
19:45:48.164 INFO    : Calculation step = 20400
19:45:48.164 INFO    : Total performance = 5.50948e+10 NUPS
19:45:48.164 INFO    : Performance per update = 2.75474e+08 NUPS
19:45:48.164 INFO    : Performance per thread = 2.75474e+08 NUPS
19:45:48.164 INFO    : Time for 100 steps = 0.000211 s
19:45:48.164 INFO    : Calculation step = 20500
19:45:48.164 INFO    : Total performance = 6.15079e+10 NUPS
19:45:48.164 INFO    : Performance per update = 3.0754e+08 NUPS
19:45:48.164 INFO    : Performance per thread = 3.0754e+08 NUPS
19:45:48.164 INFO    : Time for 100 steps = 0.000189 s
19:45:48.164 INFO    : Calculation step = 20600
19:45:48.164 INFO    : Total performance = 6.15079e+10 NUPS
19:45:48.164 INFO    : Performance per update = 3.0754e+08 NUPS
19:45:48.164 INFO    : Performance per thread = 3.0754e+08 NUPS
19:45:48.164 INFO    : Time for 100 steps = 0.000189 s
19:45:48.164 INFO    : Calculation step = 20700
19:45:48.164 INFO    : Total performance = 5.93112e+10 NUPS
19:45:48.164 INFO    : Performance per update = 2.96556e+08 NUPS
19:45:48.164 INFO    : Performance per thread = 2.96556e+08 NUPS
19:45:48.164 INFO    : Time for 100 steps = 0.000196 s
19:45:48.164 INFO    : Calculation step = 20800
19:45:48.164 INFO    : Total performance = 6.15079e+10 NUPS
19:45:48.164 INFO    : Performance per update = 3.0754e+08 NUPS
19:45:48.164 INFO    : Performance per thread = 3.0754e+08 NUPS
19:45:48.164 INFO    : Time for 100 steps = 0.000189 s
19:45:48.165 INFO    : Calculation step = 20900
19:45:48.165 INFO    : Total performance = 6.15079e+10 NUPS
19:45:48.165 INFO    : Performance per update = 3.0754e+08 NUPS
19:45:48.165 INFO    : Performance per thread = 3.0754e+08 NUPS
19:45:48.165 INFO    : Time for 100 steps = 0.000189 s
19:45:48.165 INFO    : Calculation step = 21000
19:45:48.165 INFO    : Total performance = 6.15079e+10 NUPS
19:45:48.165 INFO    : Performance per update = 3.0754e+08 NUPS
19:45:48.165 INFO    : Performance per thread = 3.0754e+08 NUPS
19:45:48.165 INFO    : Time for 100 steps = 0.000189 s
19:45:48.165 INFO    : Calculation step = 21100
19:45:48.165 INFO    : Total performance = 5.93112e+10 NUPS
19:45:48.165 INFO    : Performance per update = 2.96556e+08 NUPS
19:45:48.165 INFO    : Performance per thread = 2.96556e+08 NUPS
19:45:48.165 INFO    : Time for 100 steps = 0.000196 s
19:45:48.165 INFO    : Calculation step = 21200
19:45:48.165 INFO    : Total performance = 5.96154e+10 NUPS
19:45:48.165 INFO    : Performance per update = 2.98077e+08 NUPS
19:45:48.165 INFO    : Performance per thread = 2.98077e+08 NUPS
19:45:48.165 INFO    : Time for 100 steps = 0.000195 s
19:45:48.165 INFO    : Calculation step = 21300
19:45:48.165 INFO    : Total performance = 4.98927e+10 NUPS
19:45:48.165 INFO    : Performance per update = 2.49464e+08 NUPS
19:45:48.165 INFO    : Performance per thread = 2.49464e+08 NUPS
19:45:48.165 INFO    : Time for 100 steps = 0.000233 s
19:45:48.166 INFO    : Calculation step = 21400
19:45:48.166 INFO    : Total performance = 6.11842e+10 NUPS
19:45:48.166 INFO    : Performance per update = 3.05921e+08 NUPS
19:45:48.166 INFO    : Performance per thread = 3.05921e+08 NUPS
19:45:48.166 INFO    : Time for 100 steps = 0.00019 s
19:45:48.166 INFO    : Calculation step = 21500
19:45:48.166 INFO    : Total performance = 6.15079e+10 NUPS
19:45:48.166 INFO    : Performance per update = 3.0754e+08 NUPS
19:45:48.166 INFO    : Performance per thread = 3.0754e+08 NUPS
19:45:48.166 INFO    : Time for 100 steps = 0.000189 s
19:45:48.166 INFO    : Calculation step = 21600
19:45:48.166 INFO    : Total performance = 5.90102e+10 NUPS
19:45:48.166 INFO    : Performance per update = 2.95051e+08 NUPS
19:45:48.166 INFO    : Performance per thread = 2.95051e+08 NUPS
19:45:48.166 INFO    : Time for 100 steps = 0.000197 s
19:45:48.166 INFO    : Calculation step = 21700
19:45:48.166 INFO    : Total performance = 6.15079e+10 NUPS
19:45:48.166 INFO    : Performance per update = 3.0754e+08 NUPS
19:45:48.166 INFO    : Performance per thread = 3.0754e+08 NUPS
19:45:48.166 INFO    : Time for 100 steps = 0.000189 s
19:45:48.166 INFO    : Calculation step = 21800
19:45:48.166 INFO    : Total performance = 5.8125e+10 NUPS
19:45:48.166 INFO    : Performance per update = 2.90625e+08 NUPS
19:45:48.167 INFO    : Performance per thread = 2.90625e+08 NUPS
19:45:48.167 INFO    : Time for 100 steps = 0.0002 s
19:45:48.167 INFO    : Calculation step = 21900
19:45:48.167 INFO    : Total performance = 6.15079e+10 NUPS
19:45:48.167 INFO    : Performance per update = 3.0754e+08 NUPS
19:45:48.167 INFO    : Performance per thread = 3.0754e+08 NUPS
19:45:48.167 INFO    : Time for 100 steps = 0.000189 s
19:45:48.167 INFO    : Calculation step = 22000
19:45:48.167 INFO    : Total performance = 6.15079e+10 NUPS
19:45:48.167 INFO    : Performance per update = 3.0754e+08 NUPS
19:45:48.167 INFO    : Performance per thread = 3.0754e+08 NUPS
19:45:48.167 INFO    : Time for 100 steps = 0.000189 s
19:45:48.167 INFO    : Calculation step = 22100
19:45:48.167 INFO    : Total performance = 5.87121e+10 NUPS
19:45:48.167 INFO    : Performance per update = 2.93561e+08 NUPS
19:45:48.167 INFO    : Performance per thread = 2.93561e+08 NUPS
19:45:48.167 INFO    : Time for 100 steps = 0.000198 s
19:45:48.167 INFO    : Calculation step = 22200
19:45:48.167 INFO    : Total performance = 5.61594e+10 NUPS
19:45:48.167 INFO    : Performance per update = 2.80797e+08 NUPS
19:45:48.167 INFO    : Performance per thread = 2.80797e+08 NUPS
19:45:48.167 INFO    : Time for 100 steps = 0.000207 s
19:45:48.168 INFO    : Calculation step = 22300
19:45:48.168 INFO    : Total performance = 6.15079e+10 NUPS
19:45:48.168 INFO    : Performance per update = 3.0754e+08 NUPS
19:45:48.168 INFO    : Performance per thread = 3.0754e+08 NUPS
19:45:48.168 INFO    : Time for 100 steps = 0.000189 s
19:45:48.168 INFO    : Calculation step = 22400
19:45:48.168 INFO    : Total performance = 6.15079e+10 NUPS
19:45:48.168 INFO    : Performance per update = 3.0754e+08 NUPS
19:45:48.168 INFO    : Performance per thread = 3.0754e+08 NUPS
--------------------------------------------------------------------------
mpiexec detected that one or more processes exited with non-zero status, thus causing
the job to be terminated. The first process to do so was:

  Process name: [[42212,1],99]
  Exit code:    1
--------------------------------------------------------------------------
[node035.service:07626] 26 more processes have sent help message help-mpi-btl-tcp.txt / peer hung up
[node035.service:07626] Set MCA parameter "orte_base_help_aggregate" to 0 to see all help / error messages
