08:34:12.435 INFO    : nu = 0.00234936
08:34:12.435 INFO    : Re = 425.648
08:34:12.435 INFO    : vx = 0.01
08:34:12.435 INFO    : dx = 0.0001
08:34:12.436 INFO    : Preprocess - start
[2023-11-29 08:34:12.439] [[32minfo[m] WriteBlocksSimulationObserver step: 0
[2023-11-29 08:34:12.479] [[32minfo[m] WriteBlocksSimulationObserver step: 0
08:34:12.479 INFO    : Number of blocks = 400
08:34:12.479 INFO    : Number of nodes  = 15500000
08:34:12.479 INFO    : Number of blocks for level 0 = 400
08:34:12.479 INFO    : Number of nodes for level 0 = 15500000
08:34:12.479 INFO    : Necessary memory  = 4.81062e+09 bytes
08:34:12.479 INFO    : Necessary memory per process = 2.40531e+07 bytes
08:34:12.479 INFO    : Available memory per process = 1.5e+11 bytes
[2023-11-29 08:34:40.977] [[32minfo[m] WriteBoundaryConditionsSimulationObserver step: 0
08:34:40.977 INFO    : Preprocess - end
08:34:40.983 INFO    : Simulation-start
08:38:30.979 INFO    : Calculation step = 1000
08:38:30.979 INFO    : Total performance = 6.73916e+07 NUPS
08:38:30.979 INFO    : Performance per update = 336958 NUPS
08:38:30.979 INFO    : Performance per thread = 336958 NUPS
08:38:30.979 INFO    : Time for 1000 steps = 229.999 s
08:40:54.479 INFO    : Calculation step = 1500
08:40:54.479 INFO    : Total performance = 5.40071e+07 NUPS
08:40:54.479 INFO    : Performance per update = 270035 NUPS
08:40:54.479 INFO    : Performance per thread = 270035 NUPS
08:40:54.479 INFO    : Time for 500 steps = 143.5 s
08:43:29.409 INFO    : Calculation step = 2000
08:43:29.409 INFO    : Total performance = 5.00228e+07 NUPS
08:43:29.409 INFO    : Performance per update = 250114 NUPS
08:43:29.409 INFO    : Performance per thread = 250114 NUPS
08:43:29.409 INFO    : Time for 500 steps = 154.929 s
08:45:24.529 INFO    : Calculation step = 2500
08:45:24.529 INFO    : Total performance = 6.73212e+07 NUPS
08:45:24.529 INFO    : Performance per update = 336606 NUPS
08:45:24.529 INFO    : Performance per thread = 336606 NUPS
08:45:24.529 INFO    : Time for 500 steps = 115.12 s
08:47:20.418 INFO    : Calculation step = 3000
08:47:20.418 INFO    : Total performance = 6.68743e+07 NUPS
08:47:20.418 INFO    : Performance per update = 334371 NUPS
08:47:20.418 INFO    : Performance per thread = 334371 NUPS
08:47:20.418 INFO    : Time for 500 steps = 115.889 s
10:34:50.910 INFO    : WriteMacroscopicQuantitiesSimulationObserver step: 30000
10:34:50.910 INFO    : MPIIOMigrationSimulationObserver save step: 30000
10:34:50.910 INFO    : Save check point - start
10:34:56.259 INFO    : MPIIOSimulationObserver::writeBlocksToFile start collect data rank = 0
10:34:56.260 INFO    : Physical Memory currently used by current process: 0.0511627 GB
10:34:56.260 INFO    : MPIIOSimulationObserver::writeBlocksToFile start MPI IO rank = 0
10:34:56.260 INFO    : Physical Memory currently used by current process: 0.0513039 GB
10:34:56.409 INFO    : MPIIOSimulationObserver::writeBlocksToFile time: 0.0034529 s
10:34:56.409 INFO    : MPIIOMigrationSimulationObserver::writeDataSet start collect data rank = 0
10:34:56.409 INFO    : Physical Memory currently used by current process: 0.0513077 GB
10:34:56.451 INFO    : MPIIOMigrationSimulationObserver::writeDataSet start MPI IO rank = 0
10:34:56.451 INFO    : Physical Memory currently used by current process: 0.071682 GB
10:35:12.109 INFO    : MPIIOMigrationSimulationObserver::writeDataSet time: 15.6577 s
10:35:12.652 INFO    : MPIIOMigrationSimulationObserver::writeBoundaryConds start collect data rank = 0
10:35:12.652 INFO    : Physical Memory currently used by current process: 0.0513458 GB
10:35:12.654 INFO    : MPIIOMigrationSimulationObserver::writeBoundaryConds start MPI IO rank = 0
10:35:12.654 INFO    : Physical Memory currently used by current process: 0.0516014 GB
10:35:14.559 INFO    : MPIIOMigrationSimulationObserver::writeBoundaryConds time: 1.90482 s
10:35:14.562 INFO    : Save check point - end
